Log file opened on Mon Sep 29 16:25:08 2014
Host: dark.site  pid: 32680  nodeid: 0  nnodes:  1
Gromacs version:    VERSION 4.6.5
Precision:          single
Memory model:       64 bit
MPI library:        thread_mpi
OpenMP support:     enabled
GPU support:        disabled
invsqrt routine:    gmx_software_invsqrt(x)
CPU acceleration:   SSE2
FFT library:        fftw-3.3.3-sse2
Large file support: enabled
RDTSCP usage:       disabled
Built on:           Tue Feb 11 08:21:56 UTC 2014
Built by:           abuild@build30 [CMAKE]
Build OS/arch:      Linux 3.11.6-4-default x86_64
Build CPU vendor:   AuthenticAMD
Build CPU brand:    Six-Core AMD Opteron(tm) Processor 2427
Build CPU family:   16   Model: 8   Stepping: 0
Build CPU features: apic clfsh cmov cx8 cx16 lahf_lm misalignsse mmx msr pdpe1gb popcnt pse sse2 sse3 sse4a
C compiler:         /usr/bin/cc GNU cc (SUSE Linux) 4.7.2 20130108 [gcc-4_7-branch revision 195012]
C compiler flags:   -msse2    -Wextra -Wno-missing-field-initializers -Wno-sign-compare -Wall -Wno-unused -Wunused-value   -fomit-frame-pointer -funroll-all-loops -fexcess-precision=fast  -fmessage-length=0 -O2 -Wall -D_FORTIFY_SOURCE=2 -fstack-protector -funwind-tables -fasynchronous-unwind-tables -g -fno-strict-aliasing


                         :-)  G  R  O  M  A  C  S  (-:

                God Rules Over Mankind, Animals, Cosmos and Such

                            :-)  VERSION 4.6.5  (-:

        Contributions from Mark Abraham, Emile Apol, Rossen Apostolov, 
           Herman J.C. Berendsen, Aldert van Buuren, Pär Bjelkmar,  
     Rudi van Drunen, Anton Feenstra, Gerrit Groenhof, Christoph Junghans, 
        Peter Kasson, Carsten Kutzner, Per Larsson, Pieter Meulenhoff, 
           Teemu Murtola, Szilard Pall, Sander Pronk, Roland Schulz, 
                Michael Shirts, Alfons Sijbers, Peter Tieleman,

               Berk Hess, David van der Spoel, and Erik Lindahl.

       Copyright (c) 1991-2000, University of Groningen, The Netherlands.
         Copyright (c) 2001-2012,2013, The GROMACS development team at
        Uppsala University & The Royal Institute of Technology, Sweden.
            check out http://www.gromacs.org for more information.

         This program is free software; you can redistribute it and/or
       modify it under the terms of the GNU Lesser General Public License
        as published by the Free Software Foundation; either version 2.1
             of the License, or (at your option) any later version.

                                :-)  mdrun  (-:


++++ PLEASE READ AND CITE THE FOLLOWING REFERENCE ++++
B. Hess and C. Kutzner and D. van der Spoel and E. Lindahl
GROMACS 4: Algorithms for highly efficient, load-balanced, and scalable
molecular simulation
J. Chem. Theory Comput. 4 (2008) pp. 435-447
-------- -------- --- Thank You --- -------- --------


++++ PLEASE READ AND CITE THE FOLLOWING REFERENCE ++++
D. van der Spoel, E. Lindahl, B. Hess, G. Groenhof, A. E. Mark and H. J. C.
Berendsen
GROMACS: Fast, Flexible and Free
J. Comp. Chem. 26 (2005) pp. 1701-1719
-------- -------- --- Thank You --- -------- --------


++++ PLEASE READ AND CITE THE FOLLOWING REFERENCE ++++
E. Lindahl and B. Hess and D. van der Spoel
GROMACS 3.0: A package for molecular simulation and trajectory analysis
J. Mol. Mod. 7 (2001) pp. 306-317
-------- -------- --- Thank You --- -------- --------


++++ PLEASE READ AND CITE THE FOLLOWING REFERENCE ++++
H. J. C. Berendsen, D. van der Spoel and R. van Drunen
GROMACS: A message-passing parallel molecular dynamics implementation
Comp. Phys. Comm. 91 (1995) pp. 43-56
-------- -------- --- Thank You --- -------- --------

Input Parameters:
   integrator           = steep
   nsteps               = 50000
   init-step            = 0
   cutoff-scheme        = Group
   ns_type              = Grid
   nstlist              = 1
   ndelta               = 2
   nstcomm              = 100
   comm-mode            = Linear
   nstlog               = 1000
   nstxout              = 0
   nstvout              = 0
   nstfout              = 0
   nstcalcenergy        = 100
   nstenergy            = 1000
   nstxtcout            = 0
   init-t               = 0
   delta-t              = 0.001
   xtcprec              = 1000
   fourierspacing       = 0.12
   nkx                  = 96
   nky                  = 96
   nkz                  = 96
   pme-order            = 4
   ewald-rtol           = 1e-05
   ewald-geometry       = 0
   epsilon-surface      = 0
   optimize-fft         = FALSE
   ePBC                 = xyz
   bPeriodicMols        = FALSE
   bContinuation        = FALSE
   bShakeSOR            = FALSE
   etc                  = No
   bPrintNHChains       = FALSE
   nsttcouple           = -1
   epc                  = No
   epctype              = Isotropic
   nstpcouple           = -1
   tau-p                = 1
   ref-p (3x3):
      ref-p[    0]={ 0.00000e+00,  0.00000e+00,  0.00000e+00}
      ref-p[    1]={ 0.00000e+00,  0.00000e+00,  0.00000e+00}
      ref-p[    2]={ 0.00000e+00,  0.00000e+00,  0.00000e+00}
   compress (3x3):
      compress[    0]={ 0.00000e+00,  0.00000e+00,  0.00000e+00}
      compress[    1]={ 0.00000e+00,  0.00000e+00,  0.00000e+00}
      compress[    2]={ 0.00000e+00,  0.00000e+00,  0.00000e+00}
   refcoord-scaling     = No
   posres-com (3):
      posres-com[0]= 0.00000e+00
      posres-com[1]= 0.00000e+00
      posres-com[2]= 0.00000e+00
   posres-comB (3):
      posres-comB[0]= 0.00000e+00
      posres-comB[1]= 0.00000e+00
      posres-comB[2]= 0.00000e+00
   verlet-buffer-drift  = 0.005
   rlist                = 1
   rlistlong            = 1
   nstcalclr            = 0
   rtpi                 = 0.05
   coulombtype          = PME
   coulomb-modifier     = None
   rcoulomb-switch      = 0
   rcoulomb             = 1
   vdwtype              = Cut-off
   vdw-modifier         = None
   rvdw-switch          = 0
   rvdw                 = 1
   epsilon-r            = 1
   epsilon-rf           = inf
   tabext               = 1
   implicit-solvent     = No
   gb-algorithm         = Still
   gb-epsilon-solvent   = 80
   nstgbradii           = 1
   rgbradii             = 1
   gb-saltconc          = 0
   gb-obc-alpha         = 1
   gb-obc-beta          = 0.8
   gb-obc-gamma         = 4.85
   gb-dielectric-offset = 0.009
   sa-algorithm         = Ace-approximation
   sa-surface-tension   = 2.05016
   DispCorr             = No
   bSimTemp             = FALSE
   free-energy          = no
   nwall                = 0
   wall-type            = 9-3
   wall-atomtype[0]     = -1
   wall-atomtype[1]     = -1
   wall-density[0]      = 0
   wall-density[1]      = 0
   wall-ewald-zfac      = 3
   pull                 = no
   rotation             = FALSE
   disre                = No
   disre-weighting      = Conservative
   disre-mixed          = FALSE
   dr-fc                = 1000
   dr-tau               = 0
   nstdisreout          = 100
   orires-fc            = 0
   orires-tau           = 0
   nstorireout          = 100
   dihre-fc             = 0
   em-stepsize          = 0.01
   em-tol               = 100
   niter                = 20
   fc-stepsize          = 0
   nstcgsteep           = 1000
   nbfgscorr            = 10
   ConstAlg             = Lincs
   shake-tol            = 0.0001
   lincs-order          = 4
   lincs-warnangle      = 30
   lincs-iter           = 1
   bd-fric              = 0
   ld-seed              = 1993
   cos-accel            = 0
   deform (3x3):
      deform[    0]={ 0.00000e+00,  0.00000e+00,  0.00000e+00}
      deform[    1]={ 0.00000e+00,  0.00000e+00,  0.00000e+00}
      deform[    2]={ 0.00000e+00,  0.00000e+00,  0.00000e+00}
   adress               = FALSE
   userint1             = 0
   userint2             = 0
   userint3             = 0
   userint4             = 0
   userreal1            = 0
   userreal2            = 0
   userreal3            = 0
   userreal4            = 0
grpopts:
   nrdf:          96
   ref-t:           0
   tau-t:           0
anneal:          No
ann-npoints:           0
   acc:	           0           0           0
   nfreeze:           N           N           N
   energygrp-flags[  0]: 0
   efield-x:
      n = 0
   efield-xt:
      n = 0
   efield-y:
      n = 0
   efield-yt:
      n = 0
   efield-z:
      n = 0
   efield-zt:
      n = 0
   bQMMM                = FALSE
   QMconstraints        = 0
   QMMMscheme           = 0
   scalefactor          = 1
qm-opts:
   ngQM                 = 0
Using 1 MPI thread

Detecting CPU-specific acceleration.
Present hardware specification:
Vendor: GenuineIntel
Brand:  Intel(R) Core(TM) i7-2600K CPU @ 3.40GHz
Family:  6  Model: 42  Stepping:  7
Features: aes apic avx clfsh cmov cx8 cx16 htt lahf_lm mmx msr nonstop_tsc pcid pclmuldq pdcm popcnt pse rdtscp sse2 sse3 sse4.1 sse4.2 ssse3 tdt
Acceleration most likely to fit this hardware: AVX_256
Acceleration selected at GROMACS compile time: SSE2


Binary not matching hardware - you might be losing performance.
Acceleration most likely to fit this hardware: AVX_256
Acceleration selected at GROMACS compile time: SSE2

Table routines are used for coulomb: FALSE
Table routines are used for vdw:     FALSE
Will do PME sum in reciprocal space.

++++ PLEASE READ AND CITE THE FOLLOWING REFERENCE ++++
U. Essmann, L. Perera, M. L. Berkowitz, T. Darden, H. Lee and L. G. Pedersen 
A smooth particle mesh Ewald method
J. Chem. Phys. 103 (1995) pp. 8577-8592
-------- -------- --- Thank You --- -------- --------

Will do ordinary reciprocal space Ewald sum.
Using a Gaussian width (1/beta) of 0.320163 nm for Ewald
Cut-off's:   NS: 1   Coulomb: 1   LJ: 1
System total charge: 0.000
Generated table with 1000 data points for Ewald.
Tabscale = 500 points/nm
Generated table with 1000 data points for LJ6.
Tabscale = 500 points/nm
Generated table with 1000 data points for LJ12.
Tabscale = 500 points/nm
Generated table with 1000 data points for 1-4 COUL.
Tabscale = 500 points/nm
Generated table with 1000 data points for 1-4 LJ6.
Tabscale = 500 points/nm
Generated table with 1000 data points for 1-4 LJ12.
Tabscale = 500 points/nm
Potential shift: LJ r^-12: 0.000 r^-6 0.000, Ewald 0.000e+00
Initialized non-bonded Ewald correction tables, spacing: 6.60e-04 size: 3033

Removing pbc first time
Initiating Steepest Descents
Max number of connections per atom is 71
Total number of connections is 838
Max number of graph edges per atom is 4
Total number of graph edges is 64
Started Steepest Descents on node 0 Mon Sep 29 16:25:08 2014

Steepest Descents:
   Tolerance (Fmax)   =  1.00000e+02
   Number of steps    =        50000

Grid: 11 x 11 x 10 cells
           Step           Time         Lambda
              0        0.00000        0.00000

   Energies (kJ/mol)
           Bond            U-B    Proper Dih.  Improper Dih.      CMAP Dih.
    1.95780e+02    4.35655e+01    3.32386e+01    0.00000e+00    5.30492e-01
          LJ-14     Coulomb-14        LJ (SR)   Coulomb (SR)   Coul. recip.
    5.92930e+00    1.10930e+03    6.40971e+00   -1.47526e+02   -8.88474e+02
      Potential Pressure (bar)
    3.58754e+02    0.00000e+00

           Step           Time         Lambda
              1        1.00000        0.00000

   Energies (kJ/mol)
           Bond            U-B    Proper Dih.  Improper Dih.      CMAP Dih.
    4.25897e+01    5.04708e+01    3.37108e+01    4.95357e-02    3.13044e-03
          LJ-14     Coulomb-14        LJ (SR)   Coulomb (SR)   Coul. recip.
    6.02696e+00    1.10978e+03    6.94037e+00   -1.52767e+02   -8.92905e+02
      Potential Pressure (bar)
    2.03898e+02    0.00000e+00

           Step           Time         Lambda
              2        2.00000        0.00000

           Step           Time         Lambda
              3        3.00000        0.00000

   Energies (kJ/mol)
           Bond            U-B    Proper Dih.  Improper Dih.      CMAP Dih.
    9.63528e+00    3.26264e+01    3.27171e+01    1.19522e+00    4.10657e-01
          LJ-14     Coulomb-14        LJ (SR)   Coulomb (SR)   Coul. recip.
    4.91998e+00    1.11282e+03    5.55333e+00   -1.53787e+02   -8.93478e+02
      Potential Pressure (bar)
    1.52615e+02    0.00000e+00

           Step           Time         Lambda
              4        4.00000        0.00000

           Step           Time         Lambda
              5        5.00000        0.00000

   Energies (kJ/mol)
           Bond            U-B    Proper Dih.  Improper Dih.      CMAP Dih.
    1.55291e+01    2.45736e+01    3.28068e+01    1.29582e-01    3.23590e-01
          LJ-14     Coulomb-14        LJ (SR)   Coulomb (SR)   Coul. recip.
    4.57832e+00    1.11450e+03    4.89650e+00   -1.55689e+02   -8.94605e+02
      Potential Pressure (bar)
    1.47043e+02    0.00000e+00

           Step           Time         Lambda
              6        6.00000        0.00000

   Energies (kJ/mol)
           Bond            U-B    Proper Dih.  Improper Dih.      CMAP Dih.
    7.13124e+00    2.78533e+01    3.27287e+01    2.78953e-01    3.50420e-01
          LJ-14     Coulomb-14        LJ (SR)   Coulomb (SR)   Coul. recip.
    4.50622e+00    1.11574e+03    4.07316e+00   -1.56766e+02   -8.95821e+02
      Potential Pressure (bar)
    1.40080e+02    0.00000e+00

           Step           Time         Lambda
              7        7.00000        0.00000

           Step           Time         Lambda
              8        8.00000        0.00000

   Energies (kJ/mol)
           Bond            U-B    Proper Dih.  Improper Dih.      CMAP Dih.
    7.27657e+00    2.27353e+01    3.26554e+01    2.41962e-01    3.52837e-01
          LJ-14     Coulomb-14        LJ (SR)   Coulomb (SR)   Coul. recip.
    4.37433e+00    1.11712e+03    3.75997e+00   -1.57634e+02   -8.96067e+02
      Potential Pressure (bar)
    1.34813e+02    0.00000e+00

           Step           Time         Lambda
              9        9.00000        0.00000

   Energies (kJ/mol)
           Bond            U-B    Proper Dih.  Improper Dih.      CMAP Dih.
    7.30793e+00    2.56205e+01    3.26195e+01    2.44161e-01    3.42750e-01
          LJ-14     Coulomb-14        LJ (SR)   Coulomb (SR)   Coul. recip.
    4.33210e+00    1.11910e+03    2.69803e+00   -1.59724e+02   -8.98022e+02
      Potential Pressure (bar)
    1.34517e+02    0.00000e+00

           Step           Time         Lambda
             10       10.00000        0.00000

   Energies (kJ/mol)
           Bond            U-B    Proper Dih.  Improper Dih.      CMAP Dih.
    1.14136e+01    1.98030e+01    3.25438e+01    2.05984e-01    3.41710e-01
          LJ-14     Coulomb-14        LJ (SR)   Coulomb (SR)   Coul. recip.
    4.25946e+00    1.12109e+03    2.37167e+00   -1.60785e+02   -8.98104e+02
      Potential Pressure (bar)
    1.33140e+02    0.00000e+00

           Step           Time         Lambda
             11       11.00000        0.00000

   Energies (kJ/mol)
           Bond            U-B    Proper Dih.  Improper Dih.      CMAP Dih.
    8.34536e+00    2.53717e+01    3.25557e+01    2.31266e-01    3.29105e-01
          LJ-14     Coulomb-14        LJ (SR)   Coulomb (SR)   Coul. recip.
    4.33833e+00    1.12187e+03    1.64878e+00   -1.62202e+02   -8.99845e+02
      Potential Pressure (bar)
    1.32648e+02    0.00000e+00

           Step           Time         Lambda
             12       12.00000        0.00000

           Step           Time         Lambda
             13       13.00000        0.00000

   Energies (kJ/mol)
           Bond            U-B    Proper Dih.  Improper Dih.      CMAP Dih.
    6.27457e+00    2.02664e+01    3.25061e+01    2.06742e-01    3.28891e-01
          LJ-14     Coulomb-14        LJ (SR)   Coulomb (SR)   Coul. recip.
    4.30316e+00    1.12314e+03    1.51972e+00   -1.62763e+02   -8.99727e+02
      Potential Pressure (bar)
    1.26057e+02    0.00000e+00

           Step           Time         Lambda
             14       14.00000        0.00000

           Step           Time         Lambda
             15       15.00000        0.00000

   Energies (kJ/mol)
           Bond            U-B    Proper Dih.  Improper Dih.      CMAP Dih.
    5.28086e+00    2.19463e+01    3.24885e+01    2.11559e-01    3.17894e-01
          LJ-14     Coulomb-14        LJ (SR)   Coulomb (SR)   Coul. recip.
    4.36245e+00    1.12448e+03    9.27010e-01   -1.64216e+02   -9.00993e+02
      Potential Pressure (bar)
    1.24807e+02    0.00000e+00

           Step           Time         Lambda
             16       16.00000        0.00000

   Energies (kJ/mol)
           Bond            U-B    Proper Dih.  Improper Dih.      CMAP Dih.
    8.50185e+00    1.85661e+01    3.24374e+01    1.90589e-01    3.12030e-01
          LJ-14     Coulomb-14        LJ (SR)   Coulomb (SR)   Coul. recip.
    4.39373e+00    1.12648e+03    5.46006e-01   -1.65476e+02   -9.01412e+02
      Potential Pressure (bar)
    1.24545e+02    0.00000e+00

           Step           Time         Lambda
             17       17.00000        0.00000

   Energies (kJ/mol)
           Bond            U-B    Proper Dih.  Improper Dih.      CMAP Dih.
    5.22567e+00    2.14948e+01    3.24411e+01    2.03691e-01    3.02354e-01
          LJ-14     Coulomb-14        LJ (SR)   Coulomb (SR)   Coul. recip.
    4.45478e+00    1.12702e+03    1.44408e-01   -1.66452e+02   -9.02514e+02
      Potential Pressure (bar)
    1.22324e+02    0.00000e+00

           Step           Time         Lambda
             18       18.00000        0.00000

           Step           Time         Lambda
             19       19.00000        0.00000

   Energies (kJ/mol)
           Bond            U-B    Proper Dih.  Improper Dih.      CMAP Dih.
    6.46804e+00    1.88348e+01    3.24073e+01    1.89634e-01    2.98399e-01
          LJ-14     Coulomb-14        LJ (SR)   Coulomb (SR)   Coul. recip.
    4.48517e+00    1.12835e+03   -6.68761e-02   -1.67243e+02   -9.02711e+02
      Potential Pressure (bar)
    1.21018e+02    0.00000e+00

           Step           Time         Lambda
             20       20.00000        0.00000

   Energies (kJ/mol)
           Bond            U-B    Proper Dih.  Improper Dih.      CMAP Dih.
    5.13382e+00    2.10848e+01    3.24011e+01    1.97985e-01    2.87065e-01
          LJ-14     Coulomb-14        LJ (SR)   Coulomb (SR)   Coul. recip.
    4.55787e+00    1.12927e+03   -4.90913e-01   -1.68434e+02   -9.03823e+02
      Potential Pressure (bar)
    1.20180e+02    0.00000e+00

           Step           Time         Lambda
             21       21.00000        0.00000

           Step           Time         Lambda
             22       22.00000        0.00000

   Energies (kJ/mol)
           Bond            U-B    Proper Dih.  Improper Dih.      CMAP Dih.
    5.59842e+00    1.90318e+01    3.23775e+01    1.87880e-01    2.84227e-01
          LJ-14     Coulomb-14        LJ (SR)   Coulomb (SR)   Coul. recip.
    4.58513e+00    1.13021e+03   -6.22182e-01   -1.68975e+02   -9.03928e+02
      Potential Pressure (bar)
    1.18754e+02    0.00000e+00

           Step           Time         Lambda
             23       23.00000        0.00000

   Energies (kJ/mol)
           Bond            U-B    Proper Dih.  Improper Dih.      CMAP Dih.
    4.97394e+00    2.04594e+01    3.23559e+01    1.91080e-01    2.68148e-01
          LJ-14     Coulomb-14        LJ (SR)   Coulomb (SR)   Coul. recip.
    4.69383e+00    1.13187e+03   -1.16568e+00   -1.70721e+02   -9.05279e+02
      Potential Pressure (bar)
    1.17645e+02    0.00000e+00

           Step           Time         Lambda
             24       24.00000        0.00000

   Energies (kJ/mol)
           Bond            U-B    Proper Dih.  Improper Dih.      CMAP Dih.
    7.01732e+00    1.76078e+01    3.23220e+01    1.76199e-01    2.62643e-01
          LJ-14     Coulomb-14        LJ (SR)   Coulomb (SR)   Coul. recip.
    4.75731e+00    1.13340e+03   -1.36434e+00   -1.71601e+02   -9.05456e+02
      Potential Pressure (bar)
    1.17119e+02    0.00000e+00

           Step           Time         Lambda
             25       25.00000        0.00000

   Energies (kJ/mol)
           Bond            U-B    Proper Dih.  Improper Dih.      CMAP Dih.
    4.93879e+00    2.03012e+01    3.23233e+01    1.86921e-01    2.51341e-01
          LJ-14     Coulomb-14        LJ (SR)   Coulomb (SR)   Coul. recip.
    4.81286e+00    1.13386e+03   -1.66602e+00   -1.72527e+02   -9.06442e+02
      Potential Pressure (bar)
    1.16041e+02    0.00000e+00

           Step           Time         Lambda
             26       26.00000        0.00000

           Step           Time         Lambda
             27       27.00000        0.00000

   Energies (kJ/mol)
           Bond            U-B    Proper Dih.  Improper Dih.      CMAP Dih.
    5.72740e+00    1.80806e+01    3.23001e+01    1.76720e-01    2.47866e-01
          LJ-14     Coulomb-14        LJ (SR)   Coulomb (SR)   Coul. recip.
    4.85732e+00    1.13488e+03   -1.77548e+00   -1.73067e+02   -9.06493e+02
      Potential Pressure (bar)
    1.14931e+02    0.00000e+00

           Step           Time         Lambda
             28       28.00000        0.00000

   Energies (kJ/mol)
           Bond            U-B    Proper Dih.  Improper Dih.      CMAP Dih.
    4.87243e+00    2.00218e+01    3.22900e+01    1.83341e-01    2.32994e-01
          LJ-14     Coulomb-14        LJ (SR)   Coulomb (SR)   Coul. recip.
    4.93951e+00    1.13586e+03   -2.13508e+00   -1.74328e+02   -9.07566e+02
      Potential Pressure (bar)
    1.14374e+02    0.00000e+00

           Step           Time         Lambda
             29       29.00000        0.00000

   Energies (kJ/mol)
           Bond            U-B    Proper Dih.  Improper Dih.      CMAP Dih.
    7.05057e+00    1.69443e+01    3.22586e+01    1.68768e-01    2.27682e-01
          LJ-14     Coulomb-14        LJ (SR)   Coulomb (SR)   Coul. recip.
    5.01552e+00    1.13733e+03   -2.27526e+00   -1.75078e+02   -9.07599e+02
      Potential Pressure (bar)
    1.14044e+02    0.00000e+00

           Step           Time         Lambda
             30       30.00000        0.00000

   Energies (kJ/mol)
           Bond            U-B    Proper Dih.  Improper Dih.      CMAP Dih.
    4.89677e+00    2.00590e+01    3.22612e+01    1.81299e-01    2.14176e-01
          LJ-14     Coulomb-14        LJ (SR)   Coulomb (SR)   Coul. recip.
    5.06104e+00    1.13765e+03   -2.54983e+00   -1.75990e+02   -9.08621e+02
      Potential Pressure (bar)
    1.13162e+02    0.00000e+00

           Step           Time         Lambda
             31       31.00000        0.00000

           Step           Time         Lambda
             32       32.00000        0.00000

   Energies (kJ/mol)
           Bond            U-B    Proper Dih.  Improper Dih.      CMAP Dih.
    5.56303e+00    1.76381e+01    3.22399e+01    1.71209e-01    2.11277e-01
          LJ-14     Coulomb-14        LJ (SR)   Coulomb (SR)   Coul. recip.
    5.11073e+00    1.13859e+03   -2.61735e+00   -1.76409e+02   -9.08557e+02
      Potential Pressure (bar)
    1.11943e+02    0.00000e+00

           Step           Time         Lambda
             33       33.00000        0.00000

   Energies (kJ/mol)
           Bond            U-B    Proper Dih.  Improper Dih.      CMAP Dih.
    4.86361e+00    1.98939e+01    3.22283e+01    1.79484e-01    1.91667e-01
          LJ-14     Coulomb-14        LJ (SR)   Coulomb (SR)   Coul. recip.
    5.20013e+00    1.13962e+03   -2.97688e+00   -1.77795e+02   -9.09727e+02
      Potential Pressure (bar)
    1.11678e+02    0.00000e+00

           Step           Time         Lambda
             34       34.00000        0.00000

   Energies (kJ/mol)
           Bond            U-B    Proper Dih.  Improper Dih.      CMAP Dih.
    6.82276e+00    1.65270e+01    3.22001e+01    1.65092e-01    1.87614e-01
          LJ-14     Coulomb-14        LJ (SR)   Coulomb (SR)   Coul. recip.
    5.28214e+00    1.14096e+03   -3.05516e+00   -1.78341e+02   -9.09575e+02
      Potential Pressure (bar)
    1.11169e+02    0.00000e+00

           Step           Time         Lambda
             35       35.00000        0.00000

   Energies (kJ/mol)
           Bond            U-B    Proper Dih.  Improper Dih.      CMAP Dih.
    4.99103e+00    2.01250e+01    3.22026e+01    1.79594e-01    1.70317e-01
          LJ-14     Coulomb-14        LJ (SR)   Coulomb (SR)   Coul. recip.
    5.31889e+00    1.14120e+03   -3.32573e+00   -1.79314e+02   -9.10688e+02
      Potential Pressure (bar)
    1.10864e+02    0.00000e+00

           Step           Time         Lambda
             36       36.00000        0.00000

           Step           Time         Lambda
             37       37.00000        0.00000

   Energies (kJ/mol)
           Bond            U-B    Proper Dih.  Improper Dih.      CMAP Dih.
    5.27459e+00    1.74430e+01    3.21833e+01    1.69432e-01    1.68567e-01
          LJ-14     Coulomb-14        LJ (SR)   Coulomb (SR)   Coul. recip.
    5.37222e+00    1.14207e+03   -3.35553e+00   -1.79596e+02   -9.10503e+02
      Potential Pressure (bar)
    1.09222e+02    0.00000e+00

           Step           Time         Lambda
             38       38.00000        0.00000

   Energies (kJ/mol)
           Bond            U-B    Proper Dih.  Improper Dih.      CMAP Dih.
    4.95447e+00    1.99413e+01    3.21615e+01    1.79738e-01    1.35961e-01
          LJ-14     Coulomb-14        LJ (SR)   Coulomb (SR)   Coul. recip.
    5.50458e+00    1.14360e+03   -3.80770e+00   -1.81534e+02   -9.12011e+02
      Potential Pressure (bar)
    1.09131e+02    0.00000e+00

           Step           Time         Lambda
             39       39.00000        0.00000

   Energies (kJ/mol)
           Bond            U-B    Proper Dih.  Improper Dih.      CMAP Dih.
    6.54211e+00    1.61986e+01    3.21362e+01    1.64932e-01    1.33610e-01
          LJ-14     Coulomb-14        LJ (SR)   Coulomb (SR)   Coul. recip.
    5.59775e+00    1.14486e+03   -3.83802e+00   -1.81894e+02   -9.11685e+02
      Potential Pressure (bar)
    1.08213e+02    0.00000e+00

           Step           Time         Lambda
             40       40.00000        0.00000

           Step           Time         Lambda
             41       41.00000        0.00000

   Energies (kJ/mol)
           Bond            U-B    Proper Dih.  Improper Dih.      CMAP Dih.
    4.71378e+00    1.80305e+01    3.21361e+01    1.73175e-01    1.22164e-01
          LJ-14     Coulomb-14        LJ (SR)   Coulomb (SR)   Coul. recip.
    5.60758e+00    1.14495e+03   -3.97470e+00   -1.82422e+02   -9.12296e+02
      Potential Pressure (bar)
    1.07038e+02    0.00000e+00

           Step           Time         Lambda
             42       42.00000        0.00000

           Step           Time         Lambda
             43       43.00000        0.00000

   Energies (kJ/mol)
           Bond            U-B    Proper Dih.  Improper Dih.      CMAP Dih.
    5.54448e+00    1.67045e+01    3.21128e+01    1.68846e-01    1.06377e-01
          LJ-14     Coulomb-14        LJ (SR)   Coulomb (SR)   Coul. recip.
    5.71946e+00    1.14627e+03   -4.15172e+00   -1.83352e+02   -9.12643e+02
      Potential Pressure (bar)
    1.06483e+02    0.00000e+00

           Step           Time         Lambda
             44       44.00000        0.00000

   Energies (kJ/mol)
           Bond            U-B    Proper Dih.  Improper Dih.      CMAP Dih.
    4.63378e+00    1.80972e+01    3.21084e+01    1.75553e-01    9.27639e-02
          LJ-14     Coulomb-14        LJ (SR)   Coulomb (SR)   Coul. recip.
    5.74559e+00    1.14657e+03   -4.29364e+00   -1.83963e+02   -9.13219e+02
      Potential Pressure (bar)
    1.05952e+02    0.00000e+00

           Step           Time         Lambda
             45       45.00000        0.00000

   Energies (kJ/mol)
           Bond            U-B    Proper Dih.  Improper Dih.      CMAP Dih.
    6.32621e+00    1.59881e+01    3.20808e+01    1.68292e-01    7.51553e-02
          LJ-14     Coulomb-14        LJ (SR)   Coulomb (SR)   Coul. recip.
    5.88980e+00    1.14817e+03   -4.46404e+00   -1.84934e+02   -9.13448e+02
      Potential Pressure (bar)
    1.05851e+02    0.00000e+00

           Step           Time         Lambda
             46       46.00000        0.00000

   Energies (kJ/mol)
           Bond            U-B    Proper Dih.  Improper Dih.      CMAP Dih.
    4.59054e+00    1.80623e+01    3.20799e+01    1.78234e-01    6.01399e-02
          LJ-14     Coulomb-14        LJ (SR)   Coulomb (SR)   Coul. recip.
    5.89045e+00    1.14822e+03   -4.60267e+00   -1.85506e+02   -9.14118e+02
      Potential Pressure (bar)
    1.04858e+02    0.00000e+00

           Step           Time         Lambda
             47       47.00000        0.00000

           Step           Time         Lambda
             48       48.00000        0.00000

   Energies (kJ/mol)
           Bond            U-B    Proper Dih.  Improper Dih.      CMAP Dih.
    5.47443e+00    1.64839e+01    3.20618e+01    1.73617e-01    4.84526e-02
          LJ-14     Coulomb-14        LJ (SR)   Coulomb (SR)   Coul. recip.
    5.98740e+00    1.14925e+03   -4.69915e+00   -1.86084e+02   -9.14207e+02
      Potential Pressure (bar)
    1.04489e+02    0.00000e+00

           Step           Time         Lambda
             49       49.00000        0.00000

   Energies (kJ/mol)
           Bond            U-B    Proper Dih.  Improper Dih.      CMAP Dih.
    4.56032e+00    1.80303e+01    3.20572e+01    1.81580e-01    3.17304e-02
          LJ-14     Coulomb-14        LJ (SR)   Coulomb (SR)   Coul. recip.
    6.00647e+00    1.14950e+03   -4.83722e+00   -1.86705e+02   -9.14810e+02
      Potential Pressure (bar)
    1.04020e+02    0.00000e+00

           Step           Time         Lambda
             50       50.00000        0.00000

           Step           Time         Lambda
             51       51.00000        0.00000

   Energies (kJ/mol)
           Bond            U-B    Proper Dih.  Improper Dih.      CMAP Dih.
    5.03475e+00    1.68571e+01    3.20448e+01    1.78302e-01    2.35050e-02
          LJ-14     Coulomb-14        LJ (SR)   Coulomb (SR)   Coul. recip.
    6.07503e+00    1.15020e+03   -4.89723e+00   -1.87077e+02   -9.14846e+02
      Potential Pressure (bar)
    1.03596e+02    0.00000e+00

           Step           Time         Lambda
             52       52.00000        0.00000

   Energies (kJ/mol)
           Bond            U-B    Proper Dih.  Improper Dih.      CMAP Dih.
    4.54084e+00    1.79313e+01    3.20345e+01    1.85371e-01    1.80054e-03
          LJ-14     Coulomb-14        LJ (SR)   Coulomb (SR)   Coul. recip.
    6.12356e+00    1.15076e+03   -5.05906e+00   -1.87865e+02   -9.15465e+02
      Potential Pressure (bar)
    1.03188e+02    0.00000e+00

           Step           Time         Lambda
             53       53.00000        0.00000

   Energies (kJ/mol)
           Bond            U-B    Proper Dih.  Improper Dih.      CMAP Dih.
    5.48427e+00    1.62768e+01    3.20170e+01    1.80716e-01   -1.16606e-02
          LJ-14     Coulomb-14        LJ (SR)   Coulomb (SR)   Coul. recip.
    6.23185e+00    1.15180e+03   -5.14692e+00   -1.88418e+02   -9.15516e+02
      Potential Pressure (bar)
    1.02897e+02    0.00000e+00

           Step           Time         Lambda
             54       54.00000        0.00000

   Energies (kJ/mol)
           Bond            U-B    Proper Dih.  Improper Dih.      CMAP Dih.
    4.50925e+00    1.79651e+01    3.20126e+01    1.90066e-01   -3.07473e-02
          LJ-14     Coulomb-14        LJ (SR)   Coulomb (SR)   Coul. recip.
    6.23905e+00    1.15197e+03   -5.27637e+00   -1.89016e+02   -9.16130e+02
      Potential Pressure (bar)
    1.02434e+02    0.00000e+00

           Step           Time         Lambda
             55       55.00000        0.00000

           Step           Time         Lambda
             56       56.00000        0.00000

   Energies (kJ/mol)
           Bond            U-B    Proper Dih.  Improper Dih.      CMAP Dih.
    4.97951e+00    1.67325e+01    3.20011e+01    1.86790e-01   -3.94772e-02
          LJ-14     Coulomb-14        LJ (SR)   Coulomb (SR)   Coul. recip.
    6.31300e+00    1.15265e+03   -5.32657e+00   -1.89347e+02   -9.16127e+02
      Potential Pressure (bar)
    1.02026e+02    0.00000e+00

           Step           Time         Lambda
             57       57.00000        0.00000

   Energies (kJ/mol)
           Bond            U-B    Proper Dih.  Improper Dih.      CMAP Dih.
    4.48617e+00    1.79214e+01    3.19909e+01    1.95234e-01   -6.50313e-02
          LJ-14     Coulomb-14        LJ (SR)   Coulomb (SR)   Coul. recip.
    6.35601e+00    1.15316e+03   -5.48258e+00   -1.90131e+02   -9.16757e+02
      Potential Pressure (bar)
    1.01678e+02    0.00000e+00

           Step           Time         Lambda
             58       58.00000        0.00000

   Energies (kJ/mol)
           Bond            U-B    Proper Dih.  Improper Dih.      CMAP Dih.
    5.41268e+00    1.61901e+01    3.19752e+01    1.90504e-01   -7.83014e-02
          LJ-14     Coulomb-14        LJ (SR)   Coulomb (SR)   Coul. recip.
    6.46871e+00    1.15414e+03   -5.55118e+00   -1.90592e+02   -9.16736e+02
      Potential Pressure (bar)
    1.01423e+02    0.00000e+00

           Step           Time         Lambda
             59       59.00000        0.00000

   Energies (kJ/mol)
           Bond            U-B    Proper Dih.  Improper Dih.      CMAP Dih.
    4.46028e+00    1.80239e+01    3.19704e+01    2.01352e-01   -1.01072e-01
          LJ-14     Coulomb-14        LJ (SR)   Coulomb (SR)   Coul. recip.
    6.46687e+00    1.15428e+03   -5.67985e+00   -1.91207e+02   -9.17380e+02
      Potential Pressure (bar)
    1.01031e+02    0.00000e+00

           Step           Time         Lambda
             60       60.00000        0.00000

           Step           Time         Lambda
             61       61.00000        0.00000

   Energies (kJ/mol)
           Bond            U-B    Proper Dih.  Improper Dih.      CMAP Dih.
    4.86996e+00    1.67265e+01    3.19603e+01    1.97846e-01   -1.09025e-01
          LJ-14     Coulomb-14        LJ (SR)   Coulomb (SR)   Coul. recip.
    6.54285e+00    1.15491e+03   -5.71566e+00   -1.91466e+02   -9.17321e+02
      Potential Pressure (bar)
    1.00595e+02    0.00000e+00

           Step           Time         Lambda
             62       62.00000        0.00000

   Energies (kJ/mol)
           Bond            U-B    Proper Dih.  Improper Dih.      CMAP Dih.
    4.43673e+00    1.80092e+01    3.19476e+01    2.08639e-01   -1.43037e-01
          LJ-14     Coulomb-14        LJ (SR)   Coulomb (SR)   Coul. recip.
    6.59280e+00    1.15550e+03   -5.88699e+00   -1.92362e+02   -9.18027e+02
      Potential Pressure (bar)
    1.00279e+02    0.00000e+00

           Step           Time         Lambda
             63       63.00000        0.00000

   Energies (kJ/mol)
           Bond            U-B    Proper Dih.  Improper Dih.      CMAP Dih.
    5.29007e+00    1.61864e+01    3.19341e+01    2.03373e-01   -1.54926e-01
          LJ-14     Coulomb-14        LJ (SR)   Coulomb (SR)   Coul. recip.
    6.70819e+00    1.15641e+03   -5.93456e+00   -1.92714e+02   -9.17922e+02
      Potential Pressure (bar)
    1.00004e+02    0.00000e+00

           Step           Time         Lambda
             64       64.00000        0.00000

   Energies (kJ/mol)
           Bond            U-B    Proper Dih.  Improper Dih.      CMAP Dih.
    4.42808e+00    1.81783e+01    3.19284e+01    2.16220e-01   -1.83016e-01
          LJ-14     Coulomb-14        LJ (SR)   Coulomb (SR)   Coul. recip.
    6.69809e+00    1.15652e+03   -6.06661e+00   -1.93369e+02   -9.18613e+02
      Potential Pressure (bar)
    9.97407e+01    0.00000e+00

           Step           Time         Lambda
             65       65.00000        0.00000

           Step           Time         Lambda
             66       66.00000        0.00000

   Energies (kJ/mol)
           Bond            U-B    Proper Dih.  Improper Dih.      CMAP Dih.
    4.73334e+00    1.68020e+01    3.19198e+01    2.12151e-01   -1.89640e-01
          LJ-14     Coulomb-14        LJ (SR)   Coulomb (SR)   Coul. recip.
    6.77605e+00    1.15711e+03   -6.08903e+00   -1.93554e+02   -9.18497e+02
      Potential Pressure (bar)
    9.92214e+01    0.00000e+00

           Step           Time         Lambda
             67       67.00000        0.00000

   Energies (kJ/mol)
           Bond            U-B    Proper Dih.  Improper Dih.      CMAP Dih.
    4.39072e+00    1.80194e+01    3.19032e+01    2.25488e-01   -2.36303e-01
          LJ-14     Coulomb-14        LJ (SR)   Coulomb (SR)   Coul. recip.
    6.84568e+00    1.15788e+03   -6.28274e+00   -1.94613e+02   -9.19278e+02
      Potential Pressure (bar)
    9.88545e+01    0.00000e+00

           Step           Time         Lambda
             68       68.00000        0.00000

   Energies (kJ/mol)
           Bond            U-B    Proper Dih.  Improper Dih.      CMAP Dih.
    5.24525e+00    1.61418e+01    3.18910e+01    2.19839e-01   -2.49062e-01
          LJ-14     Coulomb-14        LJ (SR)   Coulomb (SR)   Coul. recip.
    6.97236e+00    1.15878e+03   -6.32285e+00   -1.94925e+02   -9.19131e+02
      Potential Pressure (bar)
    9.86251e+01    0.00000e+00

           Step           Time         Lambda
             69       69.00000        0.00000

   Energies (kJ/mol)
           Bond            U-B    Proper Dih.  Improper Dih.      CMAP Dih.
    4.39996e+00    1.82766e+01    3.18850e+01    2.34711e-01   -2.81570e-01
          LJ-14     Coulomb-14        LJ (SR)   Coulomb (SR)   Coul. recip.
    6.94620e+00    1.15883e+03   -6.45012e+00   -1.95573e+02   -9.19844e+02
      Potential Pressure (bar)
    9.84192e+01    0.00000e+00

           Step           Time         Lambda
             70       70.00000        0.00000

           Step           Time         Lambda
             71       71.00000        0.00000

   Energies (kJ/mol)
           Bond            U-B    Proper Dih.  Improper Dih.      CMAP Dih.
    4.62162e+00    1.68746e+01    3.18776e+01    2.30265e-01   -2.87638e-01
          LJ-14     Coulomb-14        LJ (SR)   Coulomb (SR)   Coul. recip.
    7.02850e+00    1.15939e+03   -6.46533e+00   -1.95716e+02   -9.19697e+02
      Potential Pressure (bar)
    9.78522e+01    0.00000e+00

           Step           Time         Lambda
             72       72.00000        0.00000

   Energies (kJ/mol)
           Bond            U-B    Proper Dih.  Improper Dih.      CMAP Dih.
    4.33649e+00    1.79109e+01    3.18596e+01    2.44935e-01   -3.42991e-01
          LJ-14     Coulomb-14        LJ (SR)   Coulomb (SR)   Coul. recip.
    7.10707e+00    1.16022e+03   -6.65508e+00   -1.96790e+02   -9.20456e+02
      Potential Pressure (bar)
    9.74296e+01    0.00000e+00

           Step           Time         Lambda
             73       73.00000        0.00000

   Energies (kJ/mol)
           Bond            U-B    Proper Dih.  Improper Dih.      CMAP Dih.
    5.26337e+00    1.60771e+01    3.18477e+01    2.39988e-01   -3.60207e-01
          LJ-14     Coulomb-14        LJ (SR)   Coulomb (SR)   Coul. recip.
    7.25129e+00    1.16117e+03   -6.70074e+00   -1.97130e+02   -9.20318e+02
      Potential Pressure (bar)
    9.73373e+01    0.00000e+00

           Step           Time         Lambda
             74       74.00000        0.00000

   Energies (kJ/mol)
           Bond            U-B    Proper Dih.  Improper Dih.      CMAP Dih.
    4.34080e+00    1.82144e+01    3.18420e+01    2.55903e-01   -3.94451e-01
          LJ-14     Coulomb-14        LJ (SR)   Coulomb (SR)   Coul. recip.
    7.20501e+00    1.16111e+03   -6.81342e+00   -1.97717e+02   -9.21008e+02
      Potential Pressure (bar)
    9.70352e+01    0.00000e+00

           Step           Time         Lambda
             75       75.00000        0.00000

           Step           Time         Lambda
             76       76.00000        0.00000

   Energies (kJ/mol)
           Bond            U-B    Proper Dih.  Improper Dih.      CMAP Dih.
    4.59052e+00    1.68328e+01    3.18352e+01    2.51435e-01   -4.01926e-01
          LJ-14     Coulomb-14        LJ (SR)   Coulomb (SR)   Coul. recip.
    7.29677e+00    1.16168e+03   -6.82926e+00   -1.97858e+02   -9.20854e+02
      Potential Pressure (bar)
    9.65473e+01    0.00000e+00

           Step           Time         Lambda
             77       77.00000        0.00000

   Energies (kJ/mol)
           Bond            U-B    Proper Dih.  Improper Dih.      CMAP Dih.
    4.33323e+00    1.83466e+01    3.18182e+01    2.70615e-01   -4.66807e-01
          LJ-14     Coulomb-14        LJ (SR)   Coulomb (SR)   Coul. recip.
    7.34798e+00    1.16235e+03   -7.01590e+00   -1.98925e+02   -9.21684e+02
      Potential Pressure (bar)
    9.63760e+01    0.00000e+00

           Step           Time         Lambda
             78       78.00000        0.00000

   Energies (kJ/mol)
           Bond            U-B    Proper Dih.  Improper Dih.      CMAP Dih.
    4.85695e+00    1.64431e+01    3.18103e+01    2.63614e-01   -4.75787e-01
          LJ-14     Coulomb-14        LJ (SR)   Coulomb (SR)   Coul. recip.
    7.48007e+00    1.16312e+03   -7.03104e+00   -1.99078e+02   -9.21438e+02
      Potential Pressure (bar)
    9.59564e+01    0.00000e+00

           Step           Time         Lambda
             79       79.00000        0.00000

           Step           Time         Lambda
             80       80.00000        0.00000

   Energies (kJ/mol)
           Bond            U-B    Proper Dih.  Improper Dih.      CMAP Dih.
    4.30092e+00    1.74946e+01    3.18056e+01    2.73160e-01   -5.00028e-01
          LJ-14     Coulomb-14        LJ (SR)   Coulomb (SR)   Coul. recip.
    7.46090e+00    1.16316e+03   -7.09856e+00   -1.99448e+02   -9.21828e+02
      Potential Pressure (bar)
    9.56251e+01    0.00000e+00

           Step           Time         Lambda
             81       81.00000        0.00000

   Energies (kJ/mol)
           Bond            U-B    Proper Dih.  Improper Dih.      CMAP Dih.
    5.06111e+00    1.62373e+01    3.17889e+01    2.75770e-01   -5.47108e-01
          LJ-14     Coulomb-14        LJ (SR)   Coulomb (SR)   Coul. recip.
    7.63993e+00    1.16436e+03   -7.20913e+00   -2.00159e+02   -9.21974e+02
      Potential Pressure (bar)
    9.54774e+01    0.00000e+00

           Step           Time         Lambda
             82       82.00000        0.00000

   Energies (kJ/mol)
           Bond            U-B    Proper Dih.  Improper Dih.      CMAP Dih.
    4.23884e+00    1.77332e+01    3.17839e+01    2.88929e-01   -5.76768e-01
          LJ-14     Coulomb-14        LJ (SR)   Coulomb (SR)   Coul. recip.
    7.59343e+00    1.16429e+03   -7.28587e+00   -2.00575e+02   -9.22475e+02
      Potential Pressure (bar)
    9.50151e+01    0.00000e+00

           Step           Time         Lambda
             83       83.00000        0.00000

           Step           Time         Lambda
             84       84.00000        0.00000

   Energies (kJ/mol)
           Bond            U-B    Proper Dih.  Improper Dih.      CMAP Dih.
    4.56379e+00    1.67957e+01    3.17766e+01    2.88023e-01   -5.95713e-01
          LJ-14     Coulomb-14        LJ (SR)   Coulomb (SR)   Coul. recip.
    7.69072e+00    1.16489e+03   -7.32469e+00   -2.00839e+02   -9.22447e+02
      Potential Pressure (bar)
    9.47972e+01    0.00000e+00

           Step           Time         Lambda
             85       85.00000        0.00000

   Energies (kJ/mol)
           Bond            U-B    Proper Dih.  Improper Dih.      CMAP Dih.
    4.20861e+00    1.78963e+01    3.17686e+01    3.00985e-01   -6.34557e-01
          LJ-14     Coulomb-14        LJ (SR)   Coulomb (SR)   Coul. recip.
    7.68676e+00    1.16507e+03   -7.41537e+00   -2.01359e+02   -9.22921e+02
      Potential Pressure (bar)
    9.46055e+01    0.00000e+00

           Step           Time         Lambda
             86       86.00000        0.00000

   Energies (kJ/mol)
           Bond            U-B    Proper Dih.  Improper Dih.      CMAP Dih.
    4.72607e+00    1.65765e+01    3.17608e+01    2.98178e-01   -6.54748e-01
          LJ-14     Coulomb-14        LJ (SR)   Coulomb (SR)   Coul. recip.
    7.81505e+00    1.16581e+03   -7.45251e+00   -2.01622e+02   -9.22821e+02
      Potential Pressure (bar)
    9.44395e+01    0.00000e+00

           Step           Time         Lambda
             87       87.00000        0.00000

   Energies (kJ/mol)
           Bond            U-B    Proper Dih.  Improper Dih.      CMAP Dih.
    4.19928e+00    1.81593e+01    3.17537e+01    3.14130e-01   -6.95498e-01
          LJ-14     Coulomb-14        LJ (SR)   Coulomb (SR)   Coul. recip.
    7.77441e+00    1.16582e+03   -7.54431e+00   -2.02141e+02   -9.23383e+02
      Potential Pressure (bar)
    9.42620e+01    0.00000e+00

           Step           Time         Lambda
             88       88.00000        0.00000

   Energies (kJ/mol)
           Bond            U-B    Proper Dih.  Improper Dih.      CMAP Dih.
    5.00963e+00    1.63010e+01    3.17461e+01    3.07646e-01   -7.13445e-01
          LJ-14     Coulomb-14        LJ (SR)   Coulomb (SR)   Coul. recip.
    7.94188e+00    1.16672e+03   -7.57201e+00   -2.02358e+02   -9.23154e+02
      Potential Pressure (bar)
    9.42263e+01    0.00000e+00

           Step           Time         Lambda
             89       89.00000        0.00000

   Energies (kJ/mol)
           Bond            U-B    Proper Dih.  Improper Dih.      CMAP Dih.
    4.25402e+00    1.85619e+01    3.17390e+01    3.28777e-01   -7.60252e-01
          LJ-14     Coulomb-14        LJ (SR)   Coulomb (SR)   Coul. recip.
    7.85431e+00    1.16654e+03   -7.67337e+00   -2.02924e+02   -9.23867e+02
      Potential Pressure (bar)
    9.40492e+01    0.00000e+00

           Step           Time         Lambda
             90       90.00000        0.00000

           Step           Time         Lambda
             91       91.00000        0.00000

   Energies (kJ/mol)
           Bond            U-B    Proper Dih.  Improper Dih.      CMAP Dih.
    4.34237e+00    1.71323e+01    3.17350e+01    3.22653e-01   -7.66330e-01
          LJ-14     Coulomb-14        LJ (SR)   Coulomb (SR)   Coul. recip.
    7.96259e+00    1.16708e+03   -7.67875e+00   -2.02988e+02   -9.23653e+02
      Potential Pressure (bar)
    9.34890e+01    0.00000e+00

           Step           Time         Lambda
             92       92.00000        0.00000

   Energies (kJ/mol)
           Bond            U-B    Proper Dih.  Improper Dih.      CMAP Dih.
    4.27787e+00    1.87994e+01    3.17140e+01    3.52429e-01   -8.74342e-01
          LJ-14     Coulomb-14        LJ (SR)   Coulomb (SR)   Coul. recip.
    8.01573e+00    1.16784e+03   -7.88267e+00   -2.04221e+02   -9.24593e+02
      Potential Pressure (bar)
    9.34327e+01    0.00000e+00

           Step           Time         Lambda
             93       93.00000        0.00000

   Energies (kJ/mol)
           Bond            U-B    Proper Dih.  Improper Dih.      CMAP Dih.
    4.53711e+00    1.68148e+01    3.17101e+01    3.42430e-01   -8.79763e-01
          LJ-14     Coulomb-14        LJ (SR)   Coulomb (SR)   Coul. recip.
    8.17259e+00    1.16858e+03   -7.88376e+00   -2.04264e+02   -9.24262e+02
      Potential Pressure (bar)
    9.28688e+01    0.00000e+00

           Step           Time         Lambda
             94       94.00000        0.00000

           Step           Time         Lambda
             95       95.00000        0.00000

   Energies (kJ/mol)
           Bond            U-B    Proper Dih.  Improper Dih.      CMAP Dih.
    4.10315e+00    1.79451e+01    3.17042e+01    3.55707e-01   -9.15440e-01
          LJ-14     Coulomb-14        LJ (SR)   Coulomb (SR)   Coul. recip.
    8.13513e+00    1.16858e+03   -7.94951e+00   -2.04649e+02   -9.24678e+02
      Potential Pressure (bar)
    9.26320e+01    0.00000e+00

           Step           Time         Lambda
             96       96.00000        0.00000

   Energies (kJ/mol)
           Bond            U-B    Proper Dih.  Improper Dih.      CMAP Dih.
    4.69798e+00    1.66434e+01    3.16965e+01    3.53814e-01   -9.47750e-01
          LJ-14     Coulomb-14        LJ (SR)   Coulomb (SR)   Coul. recip.
    8.29263e+00    1.16942e+03   -7.99724e+00   -2.04967e+02   -9.24597e+02
      Potential Pressure (bar)
    9.25922e+01    0.00000e+00

           Step           Time         Lambda
             97       97.00000        0.00000

   Energies (kJ/mol)
           Bond            U-B    Proper Dih.  Improper Dih.      CMAP Dih.
    4.08922e+00    1.82559e+01    3.16900e+01    3.71672e-01   -9.90376e-01
          LJ-14     Coulomb-14        LJ (SR)   Coulomb (SR)   Coul. recip.
    8.21955e+00    1.16929e+03   -8.07274e+00   -2.05406e+02   -9.25134e+02
      Potential Pressure (bar)
    9.23135e+01    0.00000e+00

           Step           Time         Lambda
             98       98.00000        0.00000

           Step           Time         Lambda
             99       99.00000        0.00000

   Energies (kJ/mol)
           Bond            U-B    Proper Dih.  Improper Dih.      CMAP Dih.
    4.24935e+00    1.72641e+01    3.16866e+01    3.68062e-01   -1.00243e+00
          LJ-14     Coulomb-14        LJ (SR)   Coulomb (SR)   Coul. recip.
    8.31619e+00    1.16976e+03   -8.08758e+00   -2.05513e+02   -9.25011e+02
      Potential Pressure (bar)
    9.20341e+01    0.00000e+00

           Step           Time         Lambda
            100      100.00000        0.00000

   Energies (kJ/mol)
           Bond            U-B    Proper Dih.  Improper Dih.      CMAP Dih.
    4.08814e+00    1.84709e+01    3.16744e+01    3.89614e-01   -1.07725e+00
          LJ-14     Coulomb-14        LJ (SR)   Coulomb (SR)   Coul. recip.
    8.32273e+00    1.17011e+03   -8.20675e+00   -2.06237e+02   -9.25612e+02
      Potential Pressure (bar)
    9.19254e+01    0.00000e+00

           Step           Time         Lambda
            101      101.00000        0.00000

   Energies (kJ/mol)
           Bond            U-B    Proper Dih.  Improper Dih.      CMAP Dih.
    4.36077e+00    1.70704e+01    3.16711e+01    3.83003e-01   -1.08904e+00
          LJ-14     Coulomb-14        LJ (SR)   Coulomb (SR)   Coul. recip.
    8.45675e+00    1.17073e+03   -8.21871e+00   -2.06329e+02   -9.25399e+02
      Potential Pressure (bar)
    9.16354e+01    0.00000e+00

           Step           Time         Lambda
            102      102.00000        0.00000

           Step           Time         Lambda
            103      103.00000        0.00000

   Energies (kJ/mol)
           Bond            U-B    Proper Dih.  Improper Dih.      CMAP Dih.
    4.04180e+00    1.78902e+01    3.16661e+01    3.94291e-01   -1.12115e+00
          LJ-14     Coulomb-14        LJ (SR)   Coulomb (SR)   Coul. recip.
    8.42707e+00    1.17074e+03   -8.26907e+00   -2.06631e+02   -9.25716e+02
      Potential Pressure (bar)
    9.14244e+01    0.00000e+00

           Step           Time         Lambda
            104      104.00000        0.00000

   Energies (kJ/mol)
           Bond            U-B    Proper Dih.  Improper Dih.      CMAP Dih.
    4.43814e+00    1.69765e+01    3.16575e+01    3.97176e-01   -1.17048e+00
          LJ-14     Coulomb-14        LJ (SR)   Coulomb (SR)   Coul. recip.
    8.57811e+00    1.17156e+03   -8.33568e+00   -2.07055e+02   -9.25758e+02
      Potential Pressure (bar)
    9.12922e+01    0.00000e+00

           Step           Time         Lambda
            105      105.00000        0.00000

   Energies (kJ/mol)
           Bond            U-B    Proper Dih.  Improper Dih.      CMAP Dih.
    4.00184e+00    1.81478e+01    3.16517e+01    4.12532e-01   -1.20985e+00
          LJ-14     Coulomb-14        LJ (SR)   Coulomb (SR)   Coul. recip.
    8.52127e+00    1.17149e+03   -8.39472e+00   -2.07410e+02   -9.26174e+02
      Potential Pressure (bar)
    9.10402e+01    0.00000e+00

           Step           Time         Lambda
            106      106.00000        0.00000

           Step           Time         Lambda
            107      107.00000        0.00000

   Energies (kJ/mol)
           Bond            U-B    Proper Dih.  Improper Dih.      CMAP Dih.
    4.14251e+00    1.74484e+01    3.16485e+01    4.11116e-01   -1.22751e+00
          LJ-14     Coulomb-14        LJ (SR)   Coulomb (SR)   Coul. recip.
    8.60649e+00    1.17191e+03   -8.41605e+00   -2.07548e+02   -9.26115e+02
      Potential Pressure (bar)
    9.08619e+01    0.00000e+00

           Step           Time         Lambda
            108      108.00000        0.00000

   Energies (kJ/mol)
           Bond            U-B    Proper Dih.  Improper Dih.      CMAP Dih.
    3.98287e+00    1.83212e+01    3.16394e+01    4.28797e-01   -1.28969e+00
          LJ-14     Coulomb-14        LJ (SR)   Coulomb (SR)   Coul. recip.
    8.60614e+00    1.17215e+03   -8.50170e+00   -2.08074e+02   -9.26555e+02
      Potential Pressure (bar)
    9.07115e+01    0.00000e+00

           Step           Time         Lambda
            109      109.00000        0.00000

   Energies (kJ/mol)
           Bond            U-B    Proper Dih.  Improper Dih.      CMAP Dih.
    4.20218e+00    1.73259e+01    3.16364e+01    4.25088e-01   -1.30759e+00
          LJ-14     Coulomb-14        LJ (SR)   Coulomb (SR)   Coul. recip.
    8.72080e+00    1.17268e+03   -8.52124e+00   -2.08201e+02   -9.26432e+02
      Potential Pressure (bar)
    9.05272e+01    0.00000e+00

           Step           Time         Lambda
            110      110.00000        0.00000

   Energies (kJ/mol)
           Bond            U-B    Proper Dih.  Improper Dih.      CMAP Dih.
    3.99044e+00    1.85715e+01    3.16281e+01    4.44669e-01   -1.36635e+00
          LJ-14     Coulomb-14        LJ (SR)   Coulomb (SR)   Coul. recip.
    8.67700e+00    1.17273e+03   -8.60053e+00   -2.08686e+02   -9.26926e+02
      Potential Pressure (bar)
    9.04629e+01    0.00000e+00

           Step           Time         Lambda
            111      111.00000        0.00000

   Energies (kJ/mol)
           Bond            U-B    Proper Dih.  Improper Dih.      CMAP Dih.
    4.32616e+00    1.71500e+01    3.16258e+01    4.37009e-01   -1.38121e+00
          LJ-14     Coulomb-14        LJ (SR)   Coulomb (SR)   Coul. recip.
    8.83083e+00    1.17339e+03   -8.61394e+00   -2.08775e+02   -9.26694e+02
      Potential Pressure (bar)
    9.02949e+01    0.00000e+00

           Step           Time         Lambda
            112      112.00000        0.00000

           Step           Time         Lambda
            113      113.00000        0.00000

   Energies (kJ/mol)
           Bond            U-B    Proper Dih.  Improper Dih.      CMAP Dih.
    3.95329e+00    1.79883e+01    3.16214e+01    4.48925e-01   -1.41236e+00
          LJ-14     Coulomb-14        LJ (SR)   Coulomb (SR)   Coul. recip.
    8.78326e+00    1.17332e+03   -8.65555e+00   -2.09029e+02   -9.26999e+02
      Potential Pressure (bar)
    9.00225e+01    0.00000e+00

           Step           Time         Lambda
            114      114.00000        0.00000

   Energies (kJ/mol)
           Bond            U-B    Proper Dih.  Improper Dih.      CMAP Dih.
    4.32508e+00    1.71763e+01    3.16099e+01    4.58021e-01   -1.49914e+00
          LJ-14     Coulomb-14        LJ (SR)   Coulomb (SR)   Coul. recip.
    8.97210e+00    1.17436e+03   -8.75703e+00   -2.09662e+02   -9.27161e+02
      Potential Pressure (bar)
    8.98250e+01    0.00000e+00

           Step           Time         Lambda
            115      115.00000        0.00000

   Energies (kJ/mol)
           Bond            U-B    Proper Dih.  Improper Dih.      CMAP Dih.
    3.90226e+00    1.83874e+01    3.16040e+01    4.75470e-01   -1.54258e+00
          LJ-14     Coulomb-14        LJ (SR)   Coulomb (SR)   Coul. recip.
    8.89602e+00    1.17423e+03   -8.81147e+00   -2.09998e+02   -9.27583e+02
      Potential Pressure (bar)
    8.95626e+01    0.00000e+00

           Step           Time         Lambda
            116      116.00000        0.00000

           Step           Time         Lambda
            117      117.00000        0.00000

   Energies (kJ/mol)
           Bond            U-B    Proper Dih.  Improper Dih.      CMAP Dih.
    4.01939e+00    1.76678e+01    3.16018e+01    4.73058e-01   -1.56017e+00
          LJ-14     Coulomb-14        LJ (SR)   Coulomb (SR)   Coul. recip.
    8.98800e+00    1.17464e+03   -8.82922e+00   -2.10107e+02   -9.27498e+02
      Potential Pressure (bar)
    8.93989e+01    0.00000e+00

           Step           Time         Lambda
            118      118.00000        0.00000

   Energies (kJ/mol)
           Bond            U-B    Proper Dih.  Improper Dih.      CMAP Dih.
    3.89519e+00    1.85831e+01    3.15933e+01    4.92423e-01   -1.62673e+00
          LJ-14     Coulomb-14        LJ (SR)   Coulomb (SR)   Coul. recip.
    8.96983e+00    1.17481e+03   -8.90680e+00   -2.10588e+02   -9.27930e+02
      Potential Pressure (bar)
    8.92905e+01    0.00000e+00

           Step           Time         Lambda
            119      119.00000        0.00000

   Energies (kJ/mol)
           Bond            U-B    Proper Dih.  Improper Dih.      CMAP Dih.
    4.07342e+00    1.75532e+01    3.15916e+01    4.86925e-01   -1.64287e+00
          LJ-14     Coulomb-14        LJ (SR)   Coulomb (SR)   Coul. recip.
    9.09392e+00    1.17532e+03   -8.92135e+00   -2.10675e+02   -9.27772e+02
      Potential Pressure (bar)
    8.91125e+01    0.00000e+00

           Step           Time         Lambda
            120      120.00000        0.00000

   Energies (kJ/mol)
           Bond            U-B    Proper Dih.  Improper Dih.      CMAP Dih.
    3.92484e+00    1.88558e+01    3.15836e+01    5.09154e-01   -1.70826e+00
          LJ-14     Coulomb-14        LJ (SR)   Coulomb (SR)   Coul. recip.
    9.03028e+00    1.17531e+03   -8.99590e+00   -2.11140e+02   -9.28274e+02
      Potential Pressure (bar)
    8.90999e+01    0.00000e+00

           Step           Time         Lambda
            121      121.00000        0.00000

   Energies (kJ/mol)
           Bond            U-B    Proper Dih.  Improper Dih.      CMAP Dih.
    4.19380e+00    1.73784e+01    3.15828e+01    4.98694e-01   -1.71961e+00
          LJ-14     Coulomb-14        LJ (SR)   Coulomb (SR)   Coul. recip.
    9.19921e+00    1.17597e+03   -9.00361e+00   -2.11179e+02   -9.27997e+02
      Potential Pressure (bar)
    8.89238e+01    0.00000e+00

           Step           Time         Lambda
            122      122.00000        0.00000

           Step           Time         Lambda
            123      123.00000        0.00000

   Energies (kJ/mol)
           Bond            U-B    Proper Dih.  Improper Dih.      CMAP Dih.
    3.84249e+00    1.82514e+01    3.15782e+01    5.12421e-01   -1.75462e+00
          LJ-14     Coulomb-14        LJ (SR)   Coulomb (SR)   Coul. recip.
    9.13829e+00    1.17587e+03   -9.04333e+00   -2.11428e+02   -9.28311e+02
      Potential Pressure (bar)
    8.86541e+01    0.00000e+00

           Step           Time         Lambda
            124      124.00000        0.00000

   Energies (kJ/mol)
           Bond            U-B    Proper Dih.  Improper Dih.      CMAP Dih.
    4.25846e+00    1.73262e+01    3.15703e+01    5.17581e-01   -1.83426e+00
          LJ-14     Coulomb-14        LJ (SR)   Coulomb (SR)   Coul. recip.
    9.33124e+00    1.17682e+03   -9.12303e+00   -2.11911e+02   -9.28370e+02
      Potential Pressure (bar)
    8.85865e+01    0.00000e+00

           Step           Time         Lambda
            125      125.00000        0.00000

   Energies (kJ/mol)
           Bond            U-B    Proper Dih.  Improper Dih.      CMAP Dih.
    3.81040e+00    1.85760e+01    3.15642e+01    5.37104e-01   -1.87996e+00
          LJ-14     Coulomb-14        LJ (SR)   Coulomb (SR)   Coul. recip.
    9.23399e+00    1.17663e+03   -9.17268e+00   -2.12227e+02   -9.28798e+02
      Potential Pressure (bar)
    8.82712e+01    0.00000e+00

           Step           Time         Lambda
            126      126.00000        0.00000

           Step           Time         Lambda
            127      127.00000        0.00000

   Energies (kJ/mol)
           Bond            U-B    Proper Dih.  Improper Dih.      CMAP Dih.
    3.92491e+00    1.78340e+01    3.15626e+01    5.33840e-01   -1.89932e+00
          LJ-14     Coulomb-14        LJ (SR)   Coulomb (SR)   Coul. recip.
    9.33595e+00    1.17705e+03   -9.18995e+00   -2.12325e+02   -9.28698e+02
      Potential Pressure (bar)
    8.81309e+01    0.00000e+00

           Step           Time         Lambda
            128      128.00000        0.00000

   Energies (kJ/mol)
           Bond            U-B    Proper Dih.  Improper Dih.      CMAP Dih.
    3.81420e+00    1.87872e+01    3.15554e+01    5.53582e-01   -1.96253e+00
          LJ-14     Coulomb-14        LJ (SR)   Coulomb (SR)   Coul. recip.
    9.29326e+00    1.17710e+03   -9.25422e+00   -2.12728e+02   -9.29103e+02
      Potential Pressure (bar)
    8.80581e+01    0.00000e+00

           Step           Time         Lambda
            129      129.00000        0.00000

   Energies (kJ/mol)
           Bond            U-B    Proper Dih.  Improper Dih.      CMAP Dih.
    3.98285e+00    1.77177e+01    3.15547e+01    5.46260e-01   -1.97808e+00
          LJ-14     Coulomb-14        LJ (SR)   Coulomb (SR)   Coul. recip.
    9.43036e+00    1.17763e+03   -9.26659e+00   -2.12789e+02   -9.28917e+02
      Potential Pressure (bar)
    8.79119e+01    0.00000e+00

           Step           Time         Lambda
            130      130.00000        0.00000

           Step           Time         Lambda
            131      131.00000        0.00000

   Energies (kJ/mol)
           Bond            U-B    Proper Dih.  Improper Dih.      CMAP Dih.
    3.77264e+00    1.83658e+01    3.15506e+01    5.58022e-01   -2.01118e+00
          LJ-14     Coulomb-14        LJ (SR)   Coulomb (SR)   Coul. recip.
    9.38604e+00    1.17758e+03   -9.30013e+00   -2.13002e+02   -9.29168e+02
      Potential Pressure (bar)
    8.77339e+01    0.00000e+00

           Step           Time         Lambda
            132      132.00000        0.00000

   Energies (kJ/mol)
           Bond            U-B    Proper Dih.  Improper Dih.      CMAP Dih.
    3.99817e+00    1.77018e+01    3.15439e+01    5.64661e-01   -2.08834e+00
          LJ-14     Coulomb-14        LJ (SR)   Coulomb (SR)   Coul. recip.
    9.54316e+00    1.17836e+03   -9.37124e+00   -2.13425e+02   -9.29246e+02
      Potential Pressure (bar)
    8.75834e+01    0.00000e+00

           Step           Time         Lambda
            133      133.00000        0.00000

   Energies (kJ/mol)
           Bond            U-B    Proper Dih.  Improper Dih.      CMAP Dih.
    3.74088e+00    1.86290e+01    3.15387e+01    5.81174e-01   -2.13139e+00
          LJ-14     Coulomb-14        LJ (SR)   Coulomb (SR)   Coul. recip.
    9.47176e+00    1.17825e+03   -9.41320e+00   -2.13695e+02   -9.29588e+02
      Potential Pressure (bar)
    8.73856e+01    0.00000e+00

           Step           Time         Lambda
            134      134.00000        0.00000

           Step           Time         Lambda
            135      135.00000        0.00000

   Energies (kJ/mol)
           Bond            U-B    Proper Dih.  Improper Dih.      CMAP Dih.
    3.80348e+00    1.80913e+01    3.15373e+01    5.79207e-01   -2.15107e+00
          LJ-14     Coulomb-14        LJ (SR)   Coulomb (SR)   Coul. recip.
    9.55407e+00    1.17859e+03   -9.43000e+00   -2.13787e+02   -9.29527e+02
      Potential Pressure (bar)
    8.72630e+01    0.00000e+00

           Step           Time         Lambda
            136      136.00000        0.00000

   Energies (kJ/mol)
           Bond            U-B    Proper Dih.  Improper Dih.      CMAP Dih.
    3.73399e+00    1.87977e+01    3.15304e+01    5.97452e-01   -2.21703e+00
          LJ-14     Coulomb-14        LJ (SR)   Coulomb (SR)   Coul. recip.
    9.53243e+00    1.17872e+03   -9.49096e+00   -2.14169e+02   -9.29874e+02
      Potential Pressure (bar)
    8.71571e+01    0.00000e+00

           Step           Time         Lambda
            137      137.00000        0.00000

   Energies (kJ/mol)
           Bond            U-B    Proper Dih.  Improper Dih.      CMAP Dih.
    3.82424e+00    1.80190e+01    3.15297e+01    5.92349e-01   -2.23419e+00
          LJ-14     Coulomb-14        LJ (SR)   Coulomb (SR)   Coul. recip.
    9.64219e+00    1.17914e+03   -9.50468e+00   -2.14236e+02   -9.29749e+02
      Potential Pressure (bar)
    8.70229e+01    0.00000e+00

           Step           Time         Lambda
            138      138.00000        0.00000

   Energies (kJ/mol)
           Bond            U-B    Proper Dih.  Improper Dih.      CMAP Dih.
    3.75350e+00    1.90191e+01    3.15225e+01    6.13683e-01   -2.30034e+00
          LJ-14     Coulomb-14        LJ (SR)   Coulomb (SR)   Coul. recip.
    9.58263e+00    1.17913e+03   -9.56490e+00   -2.14618e+02   -9.30158e+02
      Potential Pressure (bar)
    8.69833e+01    0.00000e+00

           Step           Time         Lambda
            139      139.00000        0.00000

   Energies (kJ/mol)
           Bond            U-B    Proper Dih.  Improper Dih.      CMAP Dih.
    3.88323e+00    1.78978e+01    3.15229e+01    6.03666e-01   -2.31236e+00
          LJ-14     Coulomb-14        LJ (SR)   Coulomb (SR)   Coul. recip.
    9.73146e+00    1.17967e+03   -9.57344e+00   -2.14644e+02   -9.29937e+02
      Potential Pressure (bar)
    8.68397e+01    0.00000e+00

           Step           Time         Lambda
            140      140.00000        0.00000

           Step           Time         Lambda
            141      141.00000        0.00000

   Energies (kJ/mol)
           Bond            U-B    Proper Dih.  Improper Dih.      CMAP Dih.
    3.68374e+00    1.85745e+01    3.15187e+01    6.16961e-01   -2.34774e+00
          LJ-14     Coulomb-14        LJ (SR)   Coulomb (SR)   Coul. recip.
    9.67642e+00    1.17959e+03   -9.60540e+00   -2.14851e+02   -9.30195e+02
      Potential Pressure (bar)
    8.66600e+01    0.00000e+00

           Step           Time         Lambda
            142      142.00000        0.00000

   Energies (kJ/mol)
           Bond            U-B    Proper Dih.  Improper Dih.      CMAP Dih.
    3.90700e+00    1.78671e+01    3.15139e+01    6.20196e-01   -2.41742e+00
          LJ-14     Coulomb-14        LJ (SR)   Coulomb (SR)   Coul. recip.
    9.83365e+00    1.18031e+03   -9.66384e+00   -2.15184e+02   -9.30219e+02
      Potential Pressure (bar)
    8.65661e+01    0.00000e+00

           Step           Time         Lambda
            143      143.00000        0.00000

   Energies (kJ/mol)
           Bond            U-B    Proper Dih.  Improper Dih.      CMAP Dih.
    3.66678e+00    1.88363e+01    3.15085e+01    6.38810e-01   -2.46324e+00
          LJ-14     Coulomb-14        LJ (SR)   Coulomb (SR)   Coul. recip.
    9.74716e+00    1.18016e+03   -9.70411e+00   -2.15448e+02   -9.30570e+02
      Potential Pressure (bar)
    8.63693e+01    0.00000e+00

           Step           Time         Lambda
            144      144.00000        0.00000

           Step           Time         Lambda
            145      145.00000        0.00000

   Energies (kJ/mol)
           Bond            U-B    Proper Dih.  Improper Dih.      CMAP Dih.
    3.70972e+00    1.82702e+01    3.15078e+01    6.35408e-01   -2.48046e+00
          LJ-14     Coulomb-14        LJ (SR)   Coulomb (SR)   Coul. recip.
    9.83423e+00    1.18049e+03   -9.71755e+00   -2.15514e+02   -9.30486e+02
      Potential Pressure (bar)
    8.62515e+01    0.00000e+00

           Step           Time         Lambda
            146      146.00000        0.00000

   Energies (kJ/mol)
           Bond            U-B    Proper Dih.  Improper Dih.      CMAP Dih.
    3.67083e+00    1.90100e+01    3.15010e+01    6.54974e-01   -2.54976e+00
          LJ-14     Coulomb-14        LJ (SR)   Coulomb (SR)   Coul. recip.
    9.80057e+00    1.18058e+03   -9.77579e+00   -2.15880e+02   -9.30836e+02
      Potential Pressure (bar)
    8.61732e+01    0.00000e+00

           Step           Time         Lambda
            147      147.00000        0.00000

   Energies (kJ/mol)
           Bond            U-B    Proper Dih.  Improper Dih.      CMAP Dih.
    3.73010e+00    1.81921e+01    3.15011e+01    6.47865e-01   -2.56360e+00
          LJ-14     Coulomb-14        LJ (SR)   Coulomb (SR)   Coul. recip.
    9.91838e+00    1.18100e+03   -9.78596e+00   -2.15917e+02   -9.30685e+02
      Potential Pressure (bar)
    8.60365e+01    0.00000e+00

           Step           Time         Lambda
            148      148.00000        0.00000

   Energies (kJ/mol)
           Bond            U-B    Proper Dih.  Improper Dih.      CMAP Dih.
    3.70857e+00    1.92412e+01    3.14939e+01    6.71069e-01   -2.63335e+00
          LJ-14     Coulomb-14        LJ (SR)   Coulomb (SR)   Coul. recip.
    9.84363e+00    1.18095e+03   -9.84391e+00   -2.16290e+02   -9.31105e+02
      Potential Pressure (bar)
    8.60349e+01    0.00000e+00

           Step           Time         Lambda
            149      149.00000        0.00000

   Energies (kJ/mol)
           Bond            U-B    Proper Dih.  Improper Dih.      CMAP Dih.
    3.79114e+00    1.80621e+01    3.14952e+01    6.58294e-01   -2.64094e+00
          LJ-14     Coulomb-14        LJ (SR)   Coulomb (SR)   Coul. recip.
    1.00055e+01    1.18149e+03   -9.84867e+00   -2.16282e+02   -9.30850e+02
      Potential Pressure (bar)
    8.58819e+01    0.00000e+00

           Step           Time         Lambda
            150      150.00000        0.00000

           Step           Time         Lambda
            151      151.00000        0.00000

   Energies (kJ/mol)
           Bond            U-B    Proper Dih.  Improper Dih.      CMAP Dih.
    3.60629e+00    1.87682e+01    3.14908e+01    6.72942e-01   -2.67843e+00
          LJ-14     Coulomb-14        LJ (SR)   Coulomb (SR)   Coul. recip.
    9.93967e+00    1.18139e+03   -9.87948e+00   -2.16486e+02   -9.31116e+02
      Potential Pressure (bar)
    8.57029e+01    0.00000e+00

           Step           Time         Lambda
            152      152.00000        0.00000

   Energies (kJ/mol)
           Bond            U-B    Proper Dih.  Improper Dih.      CMAP Dih.
    3.82350e+00    1.80128e+01    3.14878e+01    6.72511e-01   -2.73800e+00
          LJ-14     Coulomb-14        LJ (SR)   Coulomb (SR)   Coul. recip.
    1.00978e+01    1.18205e+03   -9.92587e+00   -2.16734e+02   -9.31082e+02
      Potential Pressure (bar)
    8.56650e+01    0.00000e+00

           Step           Time         Lambda
            153      153.00000        0.00000

   Energies (kJ/mol)
           Bond            U-B    Proper Dih.  Improper Dih.      CMAP Dih.
    3.60499e+00    1.90269e+01    3.14822e+01    6.93098e-01   -2.78636e+00
          LJ-14     Coulomb-14        LJ (SR)   Coulomb (SR)   Coul. recip.
    9.99622e+00    1.18186e+03   -9.96467e+00   -2.16996e+02   -9.31446e+02
      Potential Pressure (bar)
    8.54704e+01    0.00000e+00

           Step           Time         Lambda
            154      154.00000        0.00000

           Step           Time         Lambda
            155      155.00000        0.00000

   Energies (kJ/mol)
           Bond            U-B    Proper Dih.  Improper Dih.      CMAP Dih.
    3.62482e+00    1.84299e+01    3.14820e+01    6.87896e-01   -2.80037e+00
          LJ-14     Coulomb-14        LJ (SR)   Coulomb (SR)   Coul. recip.
    1.00886e+01    1.18219e+03   -9.97511e+00   -2.17036e+02   -9.31343e+02
      Potential Pressure (bar)
    8.53488e+01    0.00000e+00

           Step           Time         Lambda
            156      156.00000        0.00000

   Energies (kJ/mol)
           Bond            U-B    Proper Dih.  Improper Dih.      CMAP Dih.
    3.62123e+00    1.92069e+01    3.14752e+01    7.09023e-01   -2.87311e+00
          LJ-14     Coulomb-14        LJ (SR)   Coulomb (SR)   Coul. recip.
    1.00434e+01    1.18224e+03   -1.00317e+01   -2.17393e+02   -9.31700e+02
      Potential Pressure (bar)
    8.52999e+01    0.00000e+00

           Step           Time         Lambda
            157      157.00000        0.00000

   Energies (kJ/mol)
           Bond            U-B    Proper Dih.  Improper Dih.      CMAP Dih.
    3.64516e+00    1.83442e+01    3.14760e+01    6.99458e-01   -2.88287e+00
          LJ-14     Coulomb-14        LJ (SR)   Coulomb (SR)   Coul. recip.
    1.01699e+01    1.18267e+03   -1.00386e+01   -2.17402e+02   -9.31521e+02
      Potential Pressure (bar)
    8.51569e+01    0.00000e+00

           Step           Time         Lambda
            158      158.00000        0.00000

           Step           Time         Lambda
            159      159.00000        0.00000

   Energies (kJ/mol)
           Bond            U-B    Proper Dih.  Improper Dih.      CMAP Dih.
    3.55283e+00    1.88720e+01    3.14722e+01    7.12155e-01   -2.91943e+00
          LJ-14     Coulomb-14        LJ (SR)   Coulomb (SR)   Coul. recip.
    1.01243e+01    1.18262e+03   -1.00668e+01   -2.17585e+02   -9.31739e+02
      Potential Pressure (bar)
    8.50453e+01    0.00000e+00

           Step           Time         Lambda
            160      160.00000        0.00000

   Energies (kJ/mol)
           Bond            U-B    Proper Dih.  Improper Dih.      CMAP Dih.
    3.65465e+00    1.83100e+01    3.14701e+01    7.11259e-01   -2.96369e+00
          LJ-14     Coulomb-14        LJ (SR)   Coulomb (SR)   Coul. recip.
    1.02422e+01    1.18310e+03   -1.01000e+01   -2.17755e+02   -9.31705e+02
      Potential Pressure (bar)
    8.49685e+01    0.00000e+00

           Step           Time         Lambda
            161      161.00000        0.00000

   Energies (kJ/mol)
           Bond            U-B    Proper Dih.  Improper Dih.      CMAP Dih.
    3.55133e+00    1.90662e+01    3.14651e+01    7.28560e-01   -3.00945e+00
          LJ-14     Coulomb-14        LJ (SR)   Coulomb (SR)   Coul. recip.
    1.01698e+01    1.18300e+03   -1.01346e+01   -2.17985e+02   -9.31998e+02
      Potential Pressure (bar)
    8.48555e+01    0.00000e+00

           Step           Time         Lambda
            162      162.00000        0.00000

   Energies (kJ/mol)
           Bond            U-B    Proper Dih.  Improper Dih.      CMAP Dih.
    3.69608e+00    1.82251e+01    3.14650e+01    7.20829e-01   -3.03482e+00
          LJ-14     Coulomb-14        LJ (SR)   Coulomb (SR)   Coul. recip.
    1.03144e+01    1.18351e+03   -1.01531e+01   -2.18057e+02   -9.31851e+02
      Potential Pressure (bar)
    8.48364e+01    0.00000e+00

           Step           Time         Lambda
            163      163.00000        0.00000

   Energies (kJ/mol)
           Bond            U-B    Proper Dih.  Improper Dih.      CMAP Dih.
    3.58771e+00    1.93086e+01    3.14588e+01    7.44156e-01   -3.09067e+00
          LJ-14     Coulomb-14        LJ (SR)   Coulomb (SR)   Coul. recip.
    1.02013e+01    1.18331e+03   -1.01948e+01   -2.18342e+02   -9.32246e+02
      Potential Pressure (bar)
    8.47375e+01    0.00000e+00

           Step           Time         Lambda
            164      164.00000        0.00000

           Step           Time         Lambda
            165      165.00000        0.00000

   Energies (kJ/mol)
           Bond            U-B    Proper Dih.  Improper Dih.      CMAP Dih.
    3.52987e+00    1.86610e+01    3.14595e+01    7.36283e-01   -3.09636e+00
          LJ-14     Coulomb-14        LJ (SR)   Coulomb (SR)   Coul. recip.
    1.02963e+01    1.18362e+03   -1.01989e+01   -2.18339e+02   -9.32108e+02
      Potential Pressure (bar)
    8.45601e+01    0.00000e+00


Steepest Descents converged to Fmax < 100 in 166 steps
Potential Energy  =  8.4560120e+01
Maximum force     =  8.6667145e+01 on atom 12
Norm of force     =  4.7174747e+01

	M E G A - F L O P S   A C C O U N T I N G

 NB=Group-cutoff nonbonded kernels    NxN=N-by-N cluster Verlet kernels
 RF=Reaction-Field  VdW=Van der Waals  QSTab=quadratic-spline table
 W3=SPC/TIP3p  W4=TIP4p (single or pairs)
 V&F=Potential and force  V=Potential only  F=Force only

 Computing:                               M-Number         M-Flops  % Flops
-----------------------------------------------------------------------------
 NB VdW [V&F]                             0.009462           0.009     0.0
 NB VdW & Elec. [V&F]                     3.769902           3.770     0.0
 1,4 nonbonded interactions               0.012284           1.106     0.0
 Calc Weights                             0.016434           0.592     0.0
 Spread Q Bspline                         0.350592           0.701     0.0
 Gather F Bspline                         0.350592           2.104     0.0
 3D-FFT                                5802.649520       46421.196    99.8
 Solve PME                                1.529856          97.911     0.2
 NS-Pairs                                 0.093126           1.956     0.0
 Reset In Box                             0.005478           0.016     0.0
 Shift-X                                  0.005478           0.033     0.0
 CG-CoM                                   0.005478           0.016     0.0
 Bonds                                    0.005312           0.313     0.0
 Propers                                  0.009960           2.281     0.0
 Impropers                                0.000830           0.173     0.0
 Virial                                   0.012948           0.233     0.0
 (null)                                   0.000166           0.000     0.0
-----------------------------------------------------------------------------
 Total                                                   46532.410   100.0
-----------------------------------------------------------------------------


     R E A L   C Y C L E   A N D   T I M E   A C C O U N T I N G

 Computing:         Nodes   Th.     Count  Wall t (s)     G-Cycles       %
-----------------------------------------------------------------------------
 Neighbor search        1    1        166       0.004        0.025     0.1
 Force                  1    1        166       0.007        0.050     0.2
 PME mesh               1    1        166       1.683       11.484    49.5
 Rest                   1                       1.706       11.636    50.2
-----------------------------------------------------------------------------
 Total                  1                       3.400       23.195   100.0
-----------------------------------------------------------------------------
-----------------------------------------------------------------------------
 PME spread/gather      1    1        332       0.210        1.430     6.2
 PME 3D-FFT             1    1        332       0.686        4.682    20.2
 PME solve              1    1        166       0.787        5.368    23.1
-----------------------------------------------------------------------------

               Core t (s)   Wall t (s)        (%)
       Time:        3.390        3.400       99.7
               (steps/hour)
Performance:       175771.4
Finished mdrun on node 0 Mon Sep 29 16:25:11 2014
